=/pretest.json
{
  _: [],
  f: [
    '/home/sr7/Work/Code/IIIT/exp-non-preemptive-scheduling-iiith/experiment/pretest.json'
  ],
  files: [
    '/home/sr7/Work/Code/IIIT/exp-non-preemptive-scheduling-iiith/experiment/pretest.json'
  ],
  c: 'assessment',
  contentTypes: 'assessment',
  'content-types': 'assessment',
  '$0': 'validate'
}
Validated true
=/posttest.json
{
  _: [],
  f: [
    '/home/sr7/Work/Code/IIIT/exp-non-preemptive-scheduling-iiith/experiment/posttest.json'
  ],
  files: [
    '/home/sr7/Work/Code/IIIT/exp-non-preemptive-scheduling-iiith/experiment/posttest.json'
  ],
  c: 'assessment',
  contentTypes: 'assessment',
  'content-types': 'assessment',
  '$0': 'validate'
}
Validated true
